mode: set
github.com/meshyampratap01/OnlineShoppingCart/internal/services/productService/productService.go:14.92,16.2 1 1
github.com/meshyampratap01/OnlineShoppingCart/internal/services/productService/productService.go:18.70,20.16 2 1
github.com/meshyampratap01/OnlineShoppingCart/internal/services/productService/productService.go:20.16,22.3 1 1
github.com/meshyampratap01/OnlineShoppingCart/internal/services/productService/productService.go:23.2,23.22 1 1
github.com/meshyampratap01/OnlineShoppingCart/internal/services/productService/productService.go:26.77,28.16 2 1
github.com/meshyampratap01/OnlineShoppingCart/internal/services/productService/productService.go:28.16,30.3 1 1
github.com/meshyampratap01/OnlineShoppingCart/internal/services/productService/productService.go:31.2,31.21 1 1
github.com/meshyampratap01/OnlineShoppingCart/internal/services/productService/productService.go:34.84,36.16 2 1
github.com/meshyampratap01/OnlineShoppingCart/internal/services/productService/productService.go:36.16,38.3 1 1
github.com/meshyampratap01/OnlineShoppingCart/internal/services/productService/productService.go:39.2,39.22 1 1
github.com/meshyampratap01/OnlineShoppingCart/internal/services/adminService/adminService.go:17.131,22.2 1 1
github.com/meshyampratap01/OnlineShoppingCart/internal/services/adminService/adminService.go:24.81,25.43 1 1
github.com/meshyampratap01/OnlineShoppingCart/internal/services/adminService/adminService.go:25.43,27.3 1 1
github.com/meshyampratap01/OnlineShoppingCart/internal/services/adminService/adminService.go:28.2,29.16 2 1
github.com/meshyampratap01/OnlineShoppingCart/internal/services/adminService/adminService.go:29.16,31.3 1 0
github.com/meshyampratap01/OnlineShoppingCart/internal/services/adminService/adminService.go:32.2,32.46 1 1
github.com/meshyampratap01/OnlineShoppingCart/internal/services/adminService/adminService.go:35.102,43.2 2 1
github.com/meshyampratap01/OnlineShoppingCart/internal/services/adminService/adminService.go:45.88,47.16 2 1
github.com/meshyampratap01/OnlineShoppingCart/internal/services/adminService/adminService.go:47.16,49.3 1 1
github.com/meshyampratap01/OnlineShoppingCart/internal/services/adminService/adminService.go:50.2,50.16 1 1
github.com/meshyampratap01/OnlineShoppingCart/internal/services/adminService/adminService.go:50.16,52.3 1 1
github.com/meshyampratap01/OnlineShoppingCart/internal/services/adminService/adminService.go:53.2,53.15 1 1
github.com/meshyampratap01/OnlineShoppingCart/internal/services/adminService/adminService.go:53.15,55.3 1 1
github.com/meshyampratap01/OnlineShoppingCart/internal/services/adminService/adminService.go:56.2,56.15 1 1
github.com/meshyampratap01/OnlineShoppingCart/internal/services/adminService/adminService.go:56.15,58.3 1 1
github.com/meshyampratap01/OnlineShoppingCart/internal/services/adminService/adminService.go:59.2,59.46 1 1
github.com/meshyampratap01/OnlineShoppingCart/internal/services/adminService/adminService.go:62.56,64.16 2 1
github.com/meshyampratap01/OnlineShoppingCart/internal/services/adminService/adminService.go:64.16,66.3 1 1
github.com/meshyampratap01/OnlineShoppingCart/internal/services/adminService/adminService.go:67.2,67.49 1 1
github.com/meshyampratap01/OnlineShoppingCart/internal/services/adminService/adminService.go:70.72,71.51 1 1
github.com/meshyampratap01/OnlineShoppingCart/internal/services/adminService/adminService.go:71.51,73.3 1 1
github.com/meshyampratap01/OnlineShoppingCart/internal/services/adminService/adminService.go:74.2,75.33 2 1
github.com/meshyampratap01/OnlineShoppingCart/internal/services/adminService/adminService.go:75.33,77.3 1 1
github.com/meshyampratap01/OnlineShoppingCart/internal/services/adminService/adminService.go:78.2,82.45 2 1
github.com/meshyampratap01/OnlineShoppingCart/internal/services/adminService/adminService.go:85.57,87.16 2 1
github.com/meshyampratap01/OnlineShoppingCart/internal/services/adminService/adminService.go:87.16,89.3 1 1
github.com/meshyampratap01/OnlineShoppingCart/internal/services/adminService/adminService.go:90.2,90.48 1 1
github.com/meshyampratap01/OnlineShoppingCart/internal/services/cartService/cartService.go:18.157,20.2 1 1
github.com/meshyampratap01/OnlineShoppingCart/internal/services/cartService/cartService.go:22.80,24.16 2 1
github.com/meshyampratap01/OnlineShoppingCart/internal/services/cartService/cartService.go:24.16,26.3 1 1
github.com/meshyampratap01/OnlineShoppingCart/internal/services/cartService/cartService.go:27.2,28.16 2 1
github.com/meshyampratap01/OnlineShoppingCart/internal/services/cartService/cartService.go:28.16,30.3 1 0
github.com/meshyampratap01/OnlineShoppingCart/internal/services/cartService/cartService.go:31.2,31.23 1 1
github.com/meshyampratap01/OnlineShoppingCart/internal/services/cartService/cartService.go:34.63,36.16 2 1
github.com/meshyampratap01/OnlineShoppingCart/internal/services/cartService/cartService.go:36.16,38.3 1 0
github.com/meshyampratap01/OnlineShoppingCart/internal/services/cartService/cartService.go:39.2,39.21 1 1
github.com/meshyampratap01/OnlineShoppingCart/internal/services/cartService/cartService.go:39.21,41.3 1 1
github.com/meshyampratap01/OnlineShoppingCart/internal/services/cartService/cartService.go:42.2,43.16 2 1
github.com/meshyampratap01/OnlineShoppingCart/internal/services/cartService/cartService.go:43.16,45.3 1 0
github.com/meshyampratap01/OnlineShoppingCart/internal/services/cartService/cartService.go:46.2,47.13 2 1
github.com/meshyampratap01/OnlineShoppingCart/internal/services/cartService/cartService.go:47.13,49.3 1 0
github.com/meshyampratap01/OnlineShoppingCart/internal/services/cartService/cartService.go:50.2,50.29 1 1
github.com/meshyampratap01/OnlineShoppingCart/internal/services/cartService/cartService.go:50.29,52.3 1 0
github.com/meshyampratap01/OnlineShoppingCart/internal/services/cartService/cartService.go:53.2,53.44 1 1
github.com/meshyampratap01/OnlineShoppingCart/internal/services/cartService/cartService.go:56.68,58.16 2 1
github.com/meshyampratap01/OnlineShoppingCart/internal/services/cartService/cartService.go:58.16,60.3 1 0
github.com/meshyampratap01/OnlineShoppingCart/internal/services/cartService/cartService.go:62.2,63.36 2 1
github.com/meshyampratap01/OnlineShoppingCart/internal/services/cartService/cartService.go:63.36,65.3 1 0
github.com/meshyampratap01/OnlineShoppingCart/internal/services/cartService/cartService.go:67.2,67.37 1 1
github.com/meshyampratap01/OnlineShoppingCart/internal/services/cartService/cartService.go:67.37,68.35 1 1
github.com/meshyampratap01/OnlineShoppingCart/internal/services/cartService/cartService.go:68.35,71.4 2 1
github.com/meshyampratap01/OnlineShoppingCart/internal/services/cartService/cartService.go:73.2,73.45 1 1
github.com/meshyampratap01/OnlineShoppingCart/internal/services/cartService/cartService.go:76.84,78.16 2 1
github.com/meshyampratap01/OnlineShoppingCart/internal/services/cartService/cartService.go:78.16,80.3 1 0
github.com/meshyampratap01/OnlineShoppingCart/internal/services/cartService/cartService.go:81.2,82.16 2 1
github.com/meshyampratap01/OnlineShoppingCart/internal/services/cartService/cartService.go:82.16,84.3 1 0
github.com/meshyampratap01/OnlineShoppingCart/internal/services/cartService/cartService.go:86.2,87.33 2 1
github.com/meshyampratap01/OnlineShoppingCart/internal/services/cartService/cartService.go:87.33,90.17 3 1
github.com/meshyampratap01/OnlineShoppingCart/internal/services/cartService/cartService.go:90.17,92.4 1 0
github.com/meshyampratap01/OnlineShoppingCart/internal/services/cartService/cartService.go:93.3,93.33 1 1
github.com/meshyampratap01/OnlineShoppingCart/internal/services/cartService/cartService.go:93.33,95.4 1 0
github.com/meshyampratap01/OnlineShoppingCart/internal/services/cartService/cartService.go:96.3,98.17 3 1
github.com/meshyampratap01/OnlineShoppingCart/internal/services/cartService/cartService.go:98.17,100.4 1 0
github.com/meshyampratap01/OnlineShoppingCart/internal/services/cartService/cartService.go:102.2,103.16 2 1
github.com/meshyampratap01/OnlineShoppingCart/internal/services/cartService/cartService.go:103.16,105.3 1 0
github.com/meshyampratap01/OnlineShoppingCart/internal/services/cartService/cartService.go:106.2,106.22 1 1
github.com/meshyampratap01/OnlineShoppingCart/internal/services/cartService/cartService.go:106.22,108.34 2 1
github.com/meshyampratap01/OnlineShoppingCart/internal/services/cartService/cartService.go:108.34,110.4 1 1
github.com/meshyampratap01/OnlineShoppingCart/internal/services/cartService/cartService.go:111.3,111.50 1 1
github.com/meshyampratap01/OnlineShoppingCart/internal/services/cartService/cartService.go:113.2,113.19 1 1
github.com/meshyampratap01/OnlineShoppingCart/internal/services/userService/userService.go:22.200,29.2 1 1
github.com/meshyampratap01/OnlineShoppingCart/internal/services/userService/userService.go:31.95,33.39 2 1
github.com/meshyampratap01/OnlineShoppingCart/internal/services/userService/userService.go:33.39,35.3 1 1
github.com/meshyampratap01/OnlineShoppingCart/internal/services/userService/userService.go:37.2,38.16 2 1
github.com/meshyampratap01/OnlineShoppingCart/internal/services/userService/userService.go:38.16,40.3 1 0
github.com/meshyampratap01/OnlineShoppingCart/internal/services/userService/userService.go:43.2,44.16 2 1
github.com/meshyampratap01/OnlineShoppingCart/internal/services/userService/userService.go:44.16,46.3 1 1
github.com/meshyampratap01/OnlineShoppingCart/internal/services/userService/userService.go:48.2,50.16 3 1
github.com/meshyampratap01/OnlineShoppingCart/internal/services/userService/userService.go:50.16,52.3 1 1
github.com/meshyampratap01/OnlineShoppingCart/internal/services/userService/userService.go:53.2,53.12 1 1
github.com/meshyampratap01/OnlineShoppingCart/internal/services/userService/userService.go:56.108,59.16 3 1
github.com/meshyampratap01/OnlineShoppingCart/internal/services/userService/userService.go:59.16,61.3 1 0
github.com/meshyampratap01/OnlineShoppingCart/internal/services/userService/userService.go:62.2,70.21 2 1
github.com/meshyampratap01/OnlineShoppingCart/internal/services/userService/userService.go:73.70,75.16 2 1
github.com/meshyampratap01/OnlineShoppingCart/internal/services/userService/userService.go:75.16,77.3 1 1
github.com/meshyampratap01/OnlineShoppingCart/internal/services/userService/userService.go:78.2,78.54 1 1
github.com/meshyampratap01/OnlineShoppingCart/internal/services/userService/userService.go:78.55,80.3 0 0
github.com/meshyampratap01/OnlineShoppingCart/internal/services/userService/userService.go:80.7,80.57 1 1
github.com/meshyampratap01/OnlineShoppingCart/internal/services/userService/userService.go:80.57,82.3 1 1
github.com/meshyampratap01/OnlineShoppingCart/internal/services/userService/userService.go:84.2,90.16 3 1
github.com/meshyampratap01/OnlineShoppingCart/internal/services/userService/userService.go:90.16,92.3 1 0
github.com/meshyampratap01/OnlineShoppingCart/internal/services/userService/userService.go:94.2,94.19 1 1
